build/app/intermediates/manifest_merge_blame_file/release/manifest-merger-blame-release-report.txt
1<?xml version="1.0" encoding="utf-8"?>
2<manifest xmlns:android="http://schemas.android.com/apk/res/android"
3    package="dev.vlab.mine_lab"
4    android:versionCode="1"
5    android:versionName="1.0.0" >
6
7    <uses-sdk
8        android:minSdkVersion="21"
8-->src\main\AndroidManifest.xml
9        android:targetSdkVersion="33" />
9-->src\main\AndroidManifest.xml
10
11    <uses-permission android:name="android.permission.INTERNET" />
11-->src\main\AndroidManifest.xml:5:5-66
11-->src\main\AndroidManifest.xml:5:22-64
12    <uses-permission android:name="android.permission.WRITE_EXTERNAL_STORAGE" />
12-->src\main\AndroidManifest.xml:6:5-80
12-->src\main\AndroidManifest.xml:6:22-78
13    <uses-permission android:name="android.permission.WRITE_EXTERNAL_STORAGE" />
13-->src\main\AndroidManifest.xml:6:5-80
13-->src\main\AndroidManifest.xml:6:22-78
14    <uses-permission android:name="android.permission.READ_EXTERNAL_STORAGE" />
14-->src\main\AndroidManifest.xml:8:5-80
14-->src\main\AndroidManifest.xml:8:22-77
15    <uses-permission android:name="android.permission.CAMERA" />
15-->src\main\AndroidManifest.xml:9:5-65
15-->src\main\AndroidManifest.xml:9:22-62
16
17    <uses-feature android:name="android.hardware.camera" />
17-->src\main\AndroidManifest.xml:10:5-60
17-->src\main\AndroidManifest.xml:10:19-57
18
19    <queries>
19-->[:file_picker] AndroidManifest.xml:11:5-17:15
20        <intent>
20-->[:file_picker] AndroidManifest.xml:12:9-16:18
21            <action android:name="android.intent.action.GET_CONTENT" />
21-->[:file_picker] AndroidManifest.xml:13:13-72
21-->[:file_picker] AndroidManifest.xml:13:21-69
22
23            <data android:mimeType="*/*" />
23-->[:file_picker] AndroidManifest.xml:15:13-44
23-->[:file_picker] AndroidManifest.xml:15:19-41
24        </intent>
25        <intent>
25-->[:flutter_inappwebview] AndroidManifest.xml:10:9-12:18
26            <action android:name="android.support.customtabs.action.CustomTabsService" />
26-->[:flutter_inappwebview] AndroidManifest.xml:11:13-90
26-->[:flutter_inappwebview] AndroidManifest.xml:11:21-87
27        </intent>
28        <intent>
28-->[androidx.media2:media2-session:1.2.0] AndroidManifest.xml:25:9-27:18
29            <action android:name="android.media.browse.MediaBrowserService" />
29-->[androidx.media2:media2-session:1.2.0] AndroidManifest.xml:26:13-79
29-->[androidx.media2:media2-session:1.2.0] AndroidManifest.xml:26:21-76
30        </intent>
31        <intent>
31-->[androidx.media2:media2-session:1.2.0] AndroidManifest.xml:28:9-30:18
32            <action android:name="androidx.media2.session.MediaSessionService" />
32-->[androidx.media2:media2-session:1.2.0] AndroidManifest.xml:29:13-82
32-->[androidx.media2:media2-session:1.2.0] AndroidManifest.xml:29:21-79
33        </intent>
34        <intent>
34-->[androidx.media2:media2-session:1.2.0] AndroidManifest.xml:31:9-33:18
35            <action android:name="androidx.media2.session.MediaLibraryService" />
35-->[androidx.media2:media2-session:1.2.0] AndroidManifest.xml:32:13-82
35-->[androidx.media2:media2-session:1.2.0] AndroidManifest.xml:32:21-79
36        </intent>
37    </queries>
38
39    <uses-permission android:name="android.permission.ACCESS_NETWORK_STATE" />
39-->[com.google.android.exoplayer:exoplayer-core:2.18.1] AndroidManifest.xml:24:5-79
39-->[com.google.android.exoplayer:exoplayer-core:2.18.1] AndroidManifest.xml:24:22-76
40
41    <application
42        android:name="android.app.Application"
42-->src\main\AndroidManifest.xml:14:9-42
43        android:appComponentFactory="androidx.core.app.CoreComponentFactory"
43-->[androidx.core:core:1.8.0] AndroidManifest.xml:24:18-86
44        android:icon="@mipmap/ic_launcher"
44-->src\main\AndroidManifest.xml:17:9-43
45        android:label="KLOUX"
45-->src\main\AndroidManifest.xml:13:9-30
46        android:requestLegacyExternalStorage="true"
46-->src\main\AndroidManifest.xml:16:9-52
47        android:usesCleartextTraffic="true" >
47-->src\main\AndroidManifest.xml:15:9-44
48        <activity
48-->src\main\AndroidManifest.xml:18:9-38:20
49            android:name="dev.vlab.mine_lab.MainActivity"
49-->src\main\AndroidManifest.xml:19:13-41
50            android:configChanges="orientation|keyboardHidden|keyboard|screenSize|smallestScreenSize|locale|layoutDirection|fontScale|screenLayout|density|uiMode"
50-->src\main\AndroidManifest.xml:23:13-163
51            android:exported="true"
51-->src\main\AndroidManifest.xml:20:13-36
52            android:hardwareAccelerated="true"
52-->src\main\AndroidManifest.xml:24:13-47
53            android:launchMode="singleTop"
53-->src\main\AndroidManifest.xml:21:13-43
54            android:theme="@style/LaunchTheme"
54-->src\main\AndroidManifest.xml:22:13-47
55            android:windowSoftInputMode="adjustResize" >
55-->src\main\AndroidManifest.xml:25:13-55
56
57            <!--
58                 Specifies an Android theme to apply to this Activity as soon as
59                 the Android process has started. This theme is visible to the user
60                 while the Flutter UI initializes. After that, this theme continues
61                 to determine the Window background behind the Flutter UI.
62            -->
63            <meta-data
63-->src\main\AndroidManifest.xml:30:13-33:17
64                android:name="io.flutter.embedding.android.NormalTheme"
64-->src\main\AndroidManifest.xml:31:15-70
65                android:resource="@style/NormalTheme" />
65-->src\main\AndroidManifest.xml:32:15-52
66
67            <intent-filter>
67-->src\main\AndroidManifest.xml:34:13-37:29
68                <action android:name="android.intent.action.MAIN" />
68-->src\main\AndroidManifest.xml:35:17-68
68-->src\main\AndroidManifest.xml:35:25-66
69
70                <category android:name="android.intent.category.LAUNCHER" />
70-->src\main\AndroidManifest.xml:36:17-76
70-->src\main\AndroidManifest.xml:36:27-74
71            </intent-filter>
72        </activity>
73        <!--
74             Don't delete the meta-data below.
75             This is used by the Flutter tool to generate GeneratedPluginRegistrant.java
76        -->
77        <meta-data
77-->src\main\AndroidManifest.xml:41:9-43:33
78            android:name="flutterEmbedding"
78-->src\main\AndroidManifest.xml:42:13-44
79            android:value="2" />
79-->src\main\AndroidManifest.xml:43:13-30
80
81        <provider
82            android:name="com.pichillilorenzo.flutter_inappwebview.InAppWebViewFileProvider"
82-->src\main\AndroidManifest.xml:46:12-94
83            android:authorities="dev.vlab.mine_lab.flutter_inappwebview.fileprovider"
83-->src\main\AndroidManifest.xml:47:12-84
84            android:exported="false"
84-->src\main\AndroidManifest.xml:48:12-36
85            android:grantUriPermissions="true" >
85-->src\main\AndroidManifest.xml:49:12-46
86            <meta-data
86-->src\main\AndroidManifest.xml:51:12-53:57
87                android:name="android.support.FILE_PROVIDER_PATHS"
87-->src\main\AndroidManifest.xml:52:16-66
88                android:resource="@xml/provider_paths" />
88-->src\main\AndroidManifest.xml:53:16-54
89        </provider>
90
91        <activity
91-->[:url_launcher_android] AndroidManifest.xml:10:9-13:74
92            android:name="io.flutter.plugins.urllauncher.WebViewActivity"
92-->[:url_launcher_android] AndroidManifest.xml:11:13-74
93            android:exported="false"
93-->[:url_launcher_android] AndroidManifest.xml:12:13-37
94            android:theme="@android:style/Theme.NoTitleBar.Fullscreen" />
94-->[:url_launcher_android] AndroidManifest.xml:13:13-71
95        <activity
95-->[:flutter_inappwebview] AndroidManifest.xml:16:9-20:47
96            android:name="com.pichillilorenzo.flutter_inappwebview.in_app_browser.InAppBrowserActivity"
96-->[:flutter_inappwebview] AndroidManifest.xml:17:13-104
97            android:configChanges="orientation|keyboardHidden|keyboard|screenSize|locale|layoutDirection|fontScale|screenLayout|density"
97-->[:flutter_inappwebview] AndroidManifest.xml:18:13-137
98            android:exported="false"
98-->[:flutter_inappwebview] AndroidManifest.xml:19:13-37
99            android:theme="@style/AppTheme" />
99-->[:flutter_inappwebview] AndroidManifest.xml:20:13-44
100        <activity
100-->[:flutter_inappwebview] AndroidManifest.xml:21:9-24:55
101            android:name="com.pichillilorenzo.flutter_inappwebview.chrome_custom_tabs.ChromeCustomTabsActivity"
101-->[:flutter_inappwebview] AndroidManifest.xml:22:13-112
102            android:exported="false"
102-->[:flutter_inappwebview] AndroidManifest.xml:23:13-37
103            android:theme="@style/ThemeTransparent" />
103-->[:flutter_inappwebview] AndroidManifest.xml:24:13-52
104        <activity
104-->[:flutter_inappwebview] AndroidManifest.xml:25:9-28:55
105            android:name="com.pichillilorenzo.flutter_inappwebview.chrome_custom_tabs.TrustedWebActivity"
105-->[:flutter_inappwebview] AndroidManifest.xml:26:13-106
106            android:exported="false"
106-->[:flutter_inappwebview] AndroidManifest.xml:27:13-37
107            android:theme="@style/ThemeTransparent" />
107-->[:flutter_inappwebview] AndroidManifest.xml:28:13-52
108        <activity
108-->[:flutter_inappwebview] AndroidManifest.xml:29:9-33:55
109            android:name="com.pichillilorenzo.flutter_inappwebview.chrome_custom_tabs.ChromeCustomTabsActivitySingleInstance"
109-->[:flutter_inappwebview] AndroidManifest.xml:30:13-126
110            android:exported="false"
110-->[:flutter_inappwebview] AndroidManifest.xml:31:13-37
111            android:launchMode="singleInstance"
111-->[:flutter_inappwebview] AndroidManifest.xml:32:13-48
112            android:theme="@style/ThemeTransparent" />
112-->[:flutter_inappwebview] AndroidManifest.xml:33:13-52
113        <activity
113-->[:flutter_inappwebview] AndroidManifest.xml:34:9-38:55
114            android:name="com.pichillilorenzo.flutter_inappwebview.chrome_custom_tabs.TrustedWebActivitySingleInstance"
114-->[:flutter_inappwebview] AndroidManifest.xml:35:13-120
115            android:exported="false"
115-->[:flutter_inappwebview] AndroidManifest.xml:36:13-37
116            android:launchMode="singleInstance"
116-->[:flutter_inappwebview] AndroidManifest.xml:37:13-48
117            android:theme="@style/ThemeTransparent" />
117-->[:flutter_inappwebview] AndroidManifest.xml:38:13-52
118
119        <receiver
119-->[:flutter_inappwebview] AndroidManifest.xml:40:9-43:40
120            android:name="com.pichillilorenzo.flutter_inappwebview.chrome_custom_tabs.ActionBroadcastReceiver"
120-->[:flutter_inappwebview] AndroidManifest.xml:41:13-111
121            android:enabled="true"
121-->[:flutter_inappwebview] AndroidManifest.xml:42:13-35
122            android:exported="false" />
122-->[:flutter_inappwebview] AndroidManifest.xml:43:13-37
123
124        <meta-data
124-->[:flutter_inappwebview] AndroidManifest.xml:45:9-47:36
125            android:name="io.flutter.embedded_views_preview"
125-->[:flutter_inappwebview] AndroidManifest.xml:46:13-61
126            android:value="true" />
126-->[:flutter_inappwebview] AndroidManifest.xml:47:13-33
127
128        <uses-library
128-->[androidx.window:window:1.0.0-beta04] AndroidManifest.xml:25:9-27:40
129            android:name="androidx.window.extensions"
129-->[androidx.window:window:1.0.0-beta04] AndroidManifest.xml:26:13-54
130            android:required="false" />
130-->[androidx.window:window:1.0.0-beta04] AndroidManifest.xml:27:13-37
131        <uses-library
131-->[androidx.window:window:1.0.0-beta04] AndroidManifest.xml:28:9-30:40
132            android:name="androidx.window.sidecar"
132-->[androidx.window:window:1.0.0-beta04] AndroidManifest.xml:29:13-51
133            android:required="false" />
133-->[androidx.window:window:1.0.0-beta04] AndroidManifest.xml:30:13-37
134
135        <provider
135-->[androidx.emoji2:emoji2:1.2.0] AndroidManifest.xml:24:9-32:20
136            android:name="androidx.startup.InitializationProvider"
136-->[androidx.emoji2:emoji2:1.2.0] AndroidManifest.xml:25:13-67
137            android:authorities="dev.vlab.mine_lab.androidx-startup"
137-->[androidx.emoji2:emoji2:1.2.0] AndroidManifest.xml:26:13-68
138            android:exported="false" >
138-->[androidx.emoji2:emoji2:1.2.0] AndroidManifest.xml:27:13-37
139            <meta-data
139-->[androidx.emoji2:emoji2:1.2.0] AndroidManifest.xml:29:13-31:52
140                android:name="androidx.emoji2.text.EmojiCompatInitializer"
140-->[androidx.emoji2:emoji2:1.2.0] AndroidManifest.xml:30:17-75
141                android:value="androidx.startup" />
141-->[androidx.emoji2:emoji2:1.2.0] AndroidManifest.xml:31:17-49
142            <meta-data
142-->[androidx.lifecycle:lifecycle-process:2.4.1] AndroidManifest.xml:31:13-33:52
143                android:name="androidx.lifecycle.ProcessLifecycleInitializer"
143-->[androidx.lifecycle:lifecycle-process:2.4.1] AndroidManifest.xml:32:17-78
144                android:value="androidx.startup" />
144-->[androidx.lifecycle:lifecycle-process:2.4.1] AndroidManifest.xml:33:17-49
145        </provider>
146    </application>
147
148</manifest>